<?xml version="1.0" encoding="utf-8"?><testsuites><testsuite errors="0" failures="0" hostname="4690bd693231" name="pytest" skipped="0" tests="73" time="7.593" timestamp="2021-04-22T13:47:41.948795"><testcase classname="tmtar.create_app_test" name="test_create_app" time="0.002" /><testcase classname="tmtar.events.interface_test" name="test_interface_create" time="0.002" /><testcase classname="tmtar.events.interface_test" name="test_interface_works" time="0.015" /><testcase classname="tmtar.events.model_test" name="test_model_create" time="0.001" /><testcase classname="tmtar.events.schema_test" name="test_schema_create" time="0.003" /><testcase classname="tmtar.events.schema_test" name="test_schema_works" time="0.002" /><testcase classname="tmtar.files.model_test" name="test_File_create" time="0.002" /><testcase classname="tmtar.files.schema_test" name="test_FileSchema_create" time="0.002" /><testcase classname="tmtar.files.schema_test" name="test_FileSchema_works" time="0.001" /><testcase classname="tmtar.files.service_test" name="test_get_all" time="0.362" /><testcase classname="tmtar.files.service_test" name="test_get_by_id" time="0.197" /><testcase classname="tmtar.files.service_test" name="test_delete_by_filename" time="0.223" /><testcase classname="tmtar.files.service_test" name="test_search_by_filename" time="0.214" /><testcase classname="tmtar.files.service_test" name="test_create" time="0.224" /><testcase classname="tmtar.locations.controller_test.TestLocationResource" name="test_get" time="0.023" /><testcase classname="tmtar.locations.controller_test.TestLocationResource" name="test_post" time="0.009" /><testcase classname="tmtar.locations.controller_test.TestLocationIdResource" name="test_get" time="0.006" /><testcase classname="tmtar.locations.controller_test.TestLocationIdResource" name="test_get_parent" time="0.003" /><testcase classname="tmtar.locations.controller_test.TestLocationIdResource" name="test_delete" time="0.008" /><testcase classname="tmtar.locations.controller_test.TestLocationIdResource" name="test_put" time="0.007" /><testcase classname="tmtar.locations.controller_test.TestLocationSearchResource" name="test_get" time="0.005" /><testcase classname="tmtar.locations.interface_test" name="test_ILocation_create" time="0.001" /><testcase classname="tmtar.locations.interface_test" name="test_ILocation_works" time="0.001" /><testcase classname="tmtar.locations.model_test" name="test_Location_create" time="0.001" /><testcase classname="tmtar.locations.schema_test" name="test_LocationSchema_create" time="0.003" /><testcase classname="tmtar.locations.schema_test" name="test_LocationSchema_works" time="0.002" /><testcase classname="tmtar.locations.schema_test" name="test_LocationUpdateSchema_create" time="0.001" /><testcase classname="tmtar.locations.schema_test" name="test_LocationUpdateSchema" time="0.002" /><testcase classname="tmtar.locations.service_test" name="test_get_all" time="0.230" /><testcase classname="tmtar.locations.service_test" name="test_update" time="0.217" /><testcase classname="tmtar.locations.service_test" name="test_delete_by_id" time="0.232" /><testcase classname="tmtar.locations.service_test" name="test_get_parent" time="0.230" /><testcase classname="tmtar.locations.service_test" name="test_get_children_works" time="0.212" /><testcase classname="tmtar.locations.service_test" name="test_get_root" time="0.217" /><testcase classname="tmtar.locations.service_test" name="test_search_by_name" time="0.279" /><testcase classname="tmtar.locations.service_test" name="test_create" time="0.260" /><testcase classname="tmtar.objects.controller_test.TestObjectResource" name="test_get" time="0.014" /><testcase classname="tmtar.objects.controller_test.TestObjectResource" name="test_post" time="0.012" /><testcase classname="tmtar.objects.controller_test.TestObjectIdResource" name="test_get" time="0.005" /><testcase classname="tmtar.objects.controller_test.TestObjectIdResource" name="test_put" time="0.009" /><testcase classname="tmtar.objects.controller_test.TestObjectIdResource" name="test_delete" time="0.006" /><testcase classname="tmtar.objects.controller_test.TestObjectSubzoneIdResource" name="test_get" time="0.003" /><testcase classname="tmtar.objects.controller_test.TestObjectSearchResource" name="test_get" time="0.003" /><testcase classname="tmtar.objects.interface_test" name="test_IObject_create" time="0.001" /><testcase classname="tmtar.objects.interface_test" name="test_IObject_works" time="0.001" /><testcase classname="tmtar.objects.model_test" name="test_Object_create" time="0.001" /><testcase classname="tmtar.objects.schema_test" name="test_ObjectSchema_create" time="0.003" /><testcase classname="tmtar.objects.schema_test" name="test_ObjectSchema_works" time="0.003" /><testcase classname="tmtar.objects.service_test" name="test_get_all" time="0.240" /><testcase classname="tmtar.objects.service_test" name="test_get_by_id" time="0.229" /><testcase classname="tmtar.objects.service_test" name="test_get_by_subzone_id" time="0.233" /><testcase classname="tmtar.objects.service_test" name="test_search_by_name" time="0.224" /><testcase classname="tmtar.objects.service_test" name="test_delete_by_id" time="0.213" /><testcase classname="tmtar.objects.service_test" name="test_create" time="0.215" /><testcase classname="tmtar.objects.service_test" name="test_update" time="0.216" /><testcase classname="tmtar.users.controller_test.TestUserLoginResource" name="test_token" time="0.006" /><testcase classname="tmtar.users.controller_test.TestUserResource" name="test_get" time="0.013" /><testcase classname="tmtar.users.controller_test.TestUserResource" name="test_put" time="0.014" /><testcase classname="tmtar.users.controller_test.TestUserIdResource" name="test_get" time="0.011" /><testcase classname="tmtar.users.controller_test.TestUserIdResource" name="test_delete" time="0.007" /><testcase classname="tmtar.users.controller_test.TestUserIdResource" name="test_put" time="0.007" /><testcase classname="tmtar.users.interface_test" name="test_interface_create" time="0.003" /><testcase classname="tmtar.users.interface_test" name="test_interface_works" time="0.001" /><testcase classname="tmtar.users.model_test" name="test_create_model" time="0.001" /><testcase classname="tmtar.users.schema_test" name="test_UserSchema_create" time="0.002" /><testcase classname="tmtar.users.schema_test" name="test_UserSchema_works" time="0.002" /><testcase classname="tmtar.users.schema_test" name="test_UserInfoSchema_create" time="0.002" /><testcase classname="tmtar.users.schema_test" name="test_UserAdminLocationIdSchema_create" time="0.002" /><testcase classname="tmtar.users.service_test" name="test_get_all" time="0.271" /><testcase classname="tmtar.users.service_test" name="test_get_by_id" time="0.381" /><testcase classname="tmtar.users.service_test" name="test_update" time="0.321" /><testcase classname="tmtar.users.service_test" name="test_delete_by_id" time="0.260" /><testcase classname="tmtar.users.service_test" name="test_get_or_new" time="0.012" /></testsuite></testsuites>